<?xml version="1.0" encoding="UTF-8"?>
<!-- Generated by org.testng.reporters.JUnitXMLReporter -->
<testsuite ignored="1" hostname="Srijans-MacBook-Air.local" failures="1" tests="5" name="Personal Loan" time="0.147" errors="0" timestamp="2024-11-12T00:48:27 IST">
  <testcase classname="A_Test.Basics" name="demo" time="0.024">
    <failure type="java.lang.AssertionError" message="expected [true] but found [false]">
      <![CDATA[java.lang.AssertionError: expected [true] but found [false]
at A_Test.Basics.demo(Basics.java:18)
at java.base/java.util.ArrayList.forEach(ArrayList.java:1511)
at java.base/java.util.concurrent.FutureTask.run(FutureTask.java:264)
at java.base/java.util.concurrent.ThreadPoolExecutor.runWorker(ThreadPoolExecutor.java:1136)
at java.base/java.util.concurrent.ThreadPoolExecutor$Worker.run(ThreadPoolExecutor.java:635)
at java.base/java.lang.Thread.run(Thread.java:833)
... Removed 22 stack frames]]>
    </failure>
  </testcase> <!-- demo -->
  <testcase classname="A_Test.Basics2" name="ploan" time="0.004"/>
  <testcase classname="A_Test.Basics4" name="LoginAPIHomeLoan" time="0.003"/>
  <testcase classname="A_Test.Basics4" name="mobileLoginHomeLoan" time="0.014"/>
  <testcase classname="A_Test.Basics4" name="webLoginHomeLoan" time="0.005"/>
  <testcase classname="A_Test.Basics" name="secondTest" time="0.0">
    <ignored/>
  </testcase> <!-- secondTest -->
</testsuite> <!-- Personal Loan -->
